<?xml version="1.0" encoding="UTF-8"?>
<testsuite xmlns:xsi="http://www.w3.org/2001/XMLSchema-instance" xsi:noNamespaceSchemaLocation="https://maven.apache.org/surefire/maven-surefire-plugin/xsd/surefire-test-report.xsd" name="com.webapi.restapi.RestapiApplicationTests" time="3.118" tests="1" errors="0" skipped="0" failures="0">
  <properties>
    <property name="sun.desktop" value="windows"/>
    <property name="awt.toolkit" value="sun.awt.windows.WToolkit"/>
    <property name="java.specification.version" value="11"/>
    <property name="sun.cpu.isalist" value="amd64"/>
    <property name="sun.jnu.encoding" value="Cp1252"/>
    <property name="java.class.path" value="D:\AKS Scan\target\test-classes;D:\AKS Scan\target\classes;D:\newMavenRepo\org\springframework\boot\spring-boot-starter-data-rest\2.7.3\spring-boot-starter-data-rest-2.7.3.jar;D:\newMavenRepo\org\springframework\data\spring-data-rest-webmvc\3.7.2\spring-data-rest-webmvc-3.7.2.jar;D:\newMavenRepo\org\springframework\data\spring-data-rest-core\3.7.2\spring-data-rest-core-3.7.2.jar;D:\newMavenRepo\org\springframework\spring-tx\5.3.22\spring-tx-5.3.22.jar;D:\newMavenRepo\org\springframework\hateoas\spring-hateoas\1.5.1\spring-hateoas-1.5.1.jar;D:\newMavenRepo\org\springframework\data\spring-data-commons\2.7.2\spring-data-commons-2.7.2.jar;D:\newMavenRepo\org\springframework\plugin\spring-plugin-core\2.0.0.RELEASE\spring-plugin-core-2.0.0.RELEASE.jar;D:\newMavenRepo\org\atteo\evo-inflector\1.3\evo-inflector-1.3.jar;D:\newMavenRepo\com\fasterxml\jackson\core\jackson-databind\2.13.3\jackson-databind-2.13.3.jar;D:\newMavenRepo\com\fasterxml\jackson\core\jackson-core\2.13.3\jackson-core-2.13.3.jar;D:\newMavenRepo\com\fasterxml\jackson\core\jackson-annotations\2.13.3\jackson-annotations-2.13.3.jar;D:\newMavenRepo\org\slf4j\slf4j-api\1.7.36\slf4j-api-1.7.36.jar;D:\newMavenRepo\org\springframework\boot\spring-boot-starter-web\2.7.3\spring-boot-starter-web-2.7.3.jar;D:\newMavenRepo\org\springframework\boot\spring-boot-starter\2.7.3\spring-boot-starter-2.7.3.jar;D:\newMavenRepo\org\springframework\boot\spring-boot-starter-logging\2.7.3\spring-boot-starter-logging-2.7.3.jar;D:\newMavenRepo\ch\qos\logback\logback-classic\1.2.11\logback-classic-1.2.11.jar;D:\newMavenRepo\ch\qos\logback\logback-core\1.2.11\logback-core-1.2.11.jar;D:\newMavenRepo\org\apache\logging\log4j\log4j-to-slf4j\2.17.2\log4j-to-slf4j-2.17.2.jar;D:\newMavenRepo\org\apache\logging\log4j\log4j-api\2.17.2\log4j-api-2.17.2.jar;D:\newMavenRepo\org\slf4j\jul-to-slf4j\1.7.36\jul-to-slf4j-1.7.36.jar;D:\newMavenRepo\jakarta\annotation\jakarta.annotation-api\1.3.5\jakarta.annotation-api-1.3.5.jar;D:\newMavenRepo\org\yaml\snakeyaml\1.30\snakeyaml-1.30.jar;D:\newMavenRepo\org\springframework\boot\spring-boot-starter-json\2.7.3\spring-boot-starter-json-2.7.3.jar;D:\newMavenRepo\com\fasterxml\jackson\datatype\jackson-datatype-jdk8\2.13.3\jackson-datatype-jdk8-2.13.3.jar;D:\newMavenRepo\com\fasterxml\jackson\datatype\jackson-datatype-jsr310\2.13.3\jackson-datatype-jsr310-2.13.3.jar;D:\newMavenRepo\com\fasterxml\jackson\module\jackson-module-parameter-names\2.13.3\jackson-module-parameter-names-2.13.3.jar;D:\newMavenRepo\org\springframework\boot\spring-boot-starter-tomcat\2.7.3\spring-boot-starter-tomcat-2.7.3.jar;D:\newMavenRepo\org\apache\tomcat\embed\tomcat-embed-core\9.0.65\tomcat-embed-core-9.0.65.jar;D:\newMavenRepo\org\apache\tomcat\embed\tomcat-embed-el\9.0.65\tomcat-embed-el-9.0.65.jar;D:\newMavenRepo\org\apache\tomcat\embed\tomcat-embed-websocket\9.0.65\tomcat-embed-websocket-9.0.65.jar;D:\newMavenRepo\org\springframework\spring-web\5.3.22\spring-web-5.3.22.jar;D:\newMavenRepo\org\springframework\spring-beans\5.3.22\spring-beans-5.3.22.jar;D:\newMavenRepo\org\springframework\spring-webmvc\5.3.22\spring-webmvc-5.3.22.jar;D:\newMavenRepo\org\springframework\spring-aop\5.3.22\spring-aop-5.3.22.jar;D:\newMavenRepo\org\springframework\spring-context\5.3.22\spring-context-5.3.22.jar;D:\newMavenRepo\org\springframework\spring-expression\5.3.22\spring-expression-5.3.22.jar;D:\newMavenRepo\org\springframework\boot\spring-boot-devtools\2.7.3\spring-boot-devtools-2.7.3.jar;D:\newMavenRepo\org\springframework\boot\spring-boot\2.7.3\spring-boot-2.7.3.jar;D:\newMavenRepo\org\springframework\boot\spring-boot-autoconfigure\2.7.3\spring-boot-autoconfigure-2.7.3.jar;D:\newMavenRepo\org\springframework\boot\spring-boot-starter-test\2.7.3\spring-boot-starter-test-2.7.3.jar;D:\newMavenRepo\org\springframework\boot\spring-boot-test\2.7.3\spring-boot-test-2.7.3.jar;D:\newMavenRepo\org\springframework\boot\spring-boot-test-autoconfigure\2.7.3\spring-boot-test-autoconfigure-2.7.3.jar;D:\newMavenRepo\com\jayway\jsonpath\json-path\2.7.0\json-path-2.7.0.jar;D:\newMavenRepo\net\minidev\json-smart\2.4.8\json-smart-2.4.8.jar;D:\newMavenRepo\net\minidev\accessors-smart\2.4.8\accessors-smart-2.4.8.jar;D:\newMavenRepo\org\ow2\asm\asm\9.1\asm-9.1.jar;D:\newMavenRepo\jakarta\xml\bind\jakarta.xml.bind-api\2.3.3\jakarta.xml.bind-api-2.3.3.jar;D:\newMavenRepo\jakarta\activation\jakarta.activation-api\1.2.2\jakarta.activation-api-1.2.2.jar;D:\newMavenRepo\org\assertj\assertj-core\3.22.0\assertj-core-3.22.0.jar;D:\newMavenRepo\org\hamcrest\hamcrest\2.2\hamcrest-2.2.jar;D:\newMavenRepo\org\junit\jupiter\junit-jupiter\5.8.2\junit-jupiter-5.8.2.jar;D:\newMavenRepo\org\junit\jupiter\junit-jupiter-api\5.8.2\junit-jupiter-api-5.8.2.jar;D:\newMavenRepo\org\opentest4j\opentest4j\1.2.0\opentest4j-1.2.0.jar;D:\newMavenRepo\org\junit\platform\junit-platform-commons\1.8.2\junit-platform-commons-1.8.2.jar;D:\newMavenRepo\org\apiguardian\apiguardian-api\1.1.2\apiguardian-api-1.1.2.jar;D:\newMavenRepo\org\junit\jupiter\junit-jupiter-params\5.8.2\junit-jupiter-params-5.8.2.jar;D:\newMavenRepo\org\junit\jupiter\junit-jupiter-engine\5.8.2\junit-jupiter-engine-5.8.2.jar;D:\newMavenRepo\org\junit\platform\junit-platform-engine\1.8.2\junit-platform-engine-1.8.2.jar;D:\newMavenRepo\org\mockito\mockito-core\4.5.1\mockito-core-4.5.1.jar;D:\newMavenRepo\net\bytebuddy\byte-buddy\1.12.13\byte-buddy-1.12.13.jar;D:\newMavenRepo\net\bytebuddy\byte-buddy-agent\1.12.13\byte-buddy-agent-1.12.13.jar;D:\newMavenRepo\org\objenesis\objenesis\3.2\objenesis-3.2.jar;D:\newMavenRepo\org\mockito\mockito-junit-jupiter\4.5.1\mockito-junit-jupiter-4.5.1.jar;D:\newMavenRepo\org\skyscreamer\jsonassert\1.5.1\jsonassert-1.5.1.jar;D:\newMavenRepo\com\vaadin\external\google\android-json\0.0.20131108.vaadin1\android-json-0.0.20131108.vaadin1.jar;D:\newMavenRepo\org\springframework\spring-core\5.3.22\spring-core-5.3.22.jar;D:\newMavenRepo\org\springframework\spring-jcl\5.3.22\spring-jcl-5.3.22.jar;D:\newMavenRepo\org\springframework\spring-test\5.3.22\spring-test-5.3.22.jar;D:\newMavenRepo\org\xmlunit\xmlunit-core\2.9.0\xmlunit-core-2.9.0.jar;"/>
    <property name="java.vm.vendor" value="Oracle Corporation"/>
    <property name="sun.arch.data.model" value="64"/>
    <property name="user.variant" value=""/>
    <property name="java.vendor.url" value="http://java.oracle.com/"/>
    <property name="user.timezone" value="Asia/Calcutta"/>
    <property name="java.vm.specification.version" value="11"/>
    <property name="os.name" value="Windows 10"/>
    <property name="sun.java.launcher" value="SUN_STANDARD"/>
    <property name="user.country" value="IN"/>
    <property name="sun.boot.library.path" value="C:\Program Files\Java\JAVA11\openjdk-11.0.2_windows-x64_bin\jdk-11.0.2\bin"/>
    <property name="sun.java.command" value="C:\Users\gopalpr\AppData\Local\Temp\surefire15676414033978475150\surefirebooter15583651877252737675.jar C:\Users\gopalpr\AppData\Local\Temp\surefire15676414033978475150 2022-12-15T13-46-31_160-jvmRun1 surefire2178404935714103711tmp surefire_03988436856358008199tmp"/>
    <property name="jdk.debug" value="release"/>
    <property name="surefire.test.class.path" value="D:\AKS Scan\target\test-classes;D:\AKS Scan\target\classes;D:\newMavenRepo\org\springframework\boot\spring-boot-starter-data-rest\2.7.3\spring-boot-starter-data-rest-2.7.3.jar;D:\newMavenRepo\org\springframework\data\spring-data-rest-webmvc\3.7.2\spring-data-rest-webmvc-3.7.2.jar;D:\newMavenRepo\org\springframework\data\spring-data-rest-core\3.7.2\spring-data-rest-core-3.7.2.jar;D:\newMavenRepo\org\springframework\spring-tx\5.3.22\spring-tx-5.3.22.jar;D:\newMavenRepo\org\springframework\hateoas\spring-hateoas\1.5.1\spring-hateoas-1.5.1.jar;D:\newMavenRepo\org\springframework\data\spring-data-commons\2.7.2\spring-data-commons-2.7.2.jar;D:\newMavenRepo\org\springframework\plugin\spring-plugin-core\2.0.0.RELEASE\spring-plugin-core-2.0.0.RELEASE.jar;D:\newMavenRepo\org\atteo\evo-inflector\1.3\evo-inflector-1.3.jar;D:\newMavenRepo\com\fasterxml\jackson\core\jackson-databind\2.13.3\jackson-databind-2.13.3.jar;D:\newMavenRepo\com\fasterxml\jackson\core\jackson-core\2.13.3\jackson-core-2.13.3.jar;D:\newMavenRepo\com\fasterxml\jackson\core\jackson-annotations\2.13.3\jackson-annotations-2.13.3.jar;D:\newMavenRepo\org\slf4j\slf4j-api\1.7.36\slf4j-api-1.7.36.jar;D:\newMavenRepo\org\springframework\boot\spring-boot-starter-web\2.7.3\spring-boot-starter-web-2.7.3.jar;D:\newMavenRepo\org\springframework\boot\spring-boot-starter\2.7.3\spring-boot-starter-2.7.3.jar;D:\newMavenRepo\org\springframework\boot\spring-boot-starter-logging\2.7.3\spring-boot-starter-logging-2.7.3.jar;D:\newMavenRepo\ch\qos\logback\logback-classic\1.2.11\logback-classic-1.2.11.jar;D:\newMavenRepo\ch\qos\logback\logback-core\1.2.11\logback-core-1.2.11.jar;D:\newMavenRepo\org\apache\logging\log4j\log4j-to-slf4j\2.17.2\log4j-to-slf4j-2.17.2.jar;D:\newMavenRepo\org\apache\logging\log4j\log4j-api\2.17.2\log4j-api-2.17.2.jar;D:\newMavenRepo\org\slf4j\jul-to-slf4j\1.7.36\jul-to-slf4j-1.7.36.jar;D:\newMavenRepo\jakarta\annotation\jakarta.annotation-api\1.3.5\jakarta.annotation-api-1.3.5.jar;D:\newMavenRepo\org\yaml\snakeyaml\1.30\snakeyaml-1.30.jar;D:\newMavenRepo\org\springframework\boot\spring-boot-starter-json\2.7.3\spring-boot-starter-json-2.7.3.jar;D:\newMavenRepo\com\fasterxml\jackson\datatype\jackson-datatype-jdk8\2.13.3\jackson-datatype-jdk8-2.13.3.jar;D:\newMavenRepo\com\fasterxml\jackson\datatype\jackson-datatype-jsr310\2.13.3\jackson-datatype-jsr310-2.13.3.jar;D:\newMavenRepo\com\fasterxml\jackson\module\jackson-module-parameter-names\2.13.3\jackson-module-parameter-names-2.13.3.jar;D:\newMavenRepo\org\springframework\boot\spring-boot-starter-tomcat\2.7.3\spring-boot-starter-tomcat-2.7.3.jar;D:\newMavenRepo\org\apache\tomcat\embed\tomcat-embed-core\9.0.65\tomcat-embed-core-9.0.65.jar;D:\newMavenRepo\org\apache\tomcat\embed\tomcat-embed-el\9.0.65\tomcat-embed-el-9.0.65.jar;D:\newMavenRepo\org\apache\tomcat\embed\tomcat-embed-websocket\9.0.65\tomcat-embed-websocket-9.0.65.jar;D:\newMavenRepo\org\springframework\spring-web\5.3.22\spring-web-5.3.22.jar;D:\newMavenRepo\org\springframework\spring-beans\5.3.22\spring-beans-5.3.22.jar;D:\newMavenRepo\org\springframework\spring-webmvc\5.3.22\spring-webmvc-5.3.22.jar;D:\newMavenRepo\org\springframework\spring-aop\5.3.22\spring-aop-5.3.22.jar;D:\newMavenRepo\org\springframework\spring-context\5.3.22\spring-context-5.3.22.jar;D:\newMavenRepo\org\springframework\spring-expression\5.3.22\spring-expression-5.3.22.jar;D:\newMavenRepo\org\springframework\boot\spring-boot-devtools\2.7.3\spring-boot-devtools-2.7.3.jar;D:\newMavenRepo\org\springframework\boot\spring-boot\2.7.3\spring-boot-2.7.3.jar;D:\newMavenRepo\org\springframework\boot\spring-boot-autoconfigure\2.7.3\spring-boot-autoconfigure-2.7.3.jar;D:\newMavenRepo\org\springframework\boot\spring-boot-starter-test\2.7.3\spring-boot-starter-test-2.7.3.jar;D:\newMavenRepo\org\springframework\boot\spring-boot-test\2.7.3\spring-boot-test-2.7.3.jar;D:\newMavenRepo\org\springframework\boot\spring-boot-test-autoconfigure\2.7.3\spring-boot-test-autoconfigure-2.7.3.jar;D:\newMavenRepo\com\jayway\jsonpath\json-path\2.7.0\json-path-2.7.0.jar;D:\newMavenRepo\net\minidev\json-smart\2.4.8\json-smart-2.4.8.jar;D:\newMavenRepo\net\minidev\accessors-smart\2.4.8\accessors-smart-2.4.8.jar;D:\newMavenRepo\org\ow2\asm\asm\9.1\asm-9.1.jar;D:\newMavenRepo\jakarta\xml\bind\jakarta.xml.bind-api\2.3.3\jakarta.xml.bind-api-2.3.3.jar;D:\newMavenRepo\jakarta\activation\jakarta.activation-api\1.2.2\jakarta.activation-api-1.2.2.jar;D:\newMavenRepo\org\assertj\assertj-core\3.22.0\assertj-core-3.22.0.jar;D:\newMavenRepo\org\hamcrest\hamcrest\2.2\hamcrest-2.2.jar;D:\newMavenRepo\org\junit\jupiter\junit-jupiter\5.8.2\junit-jupiter-5.8.2.jar;D:\newMavenRepo\org\junit\jupiter\junit-jupiter-api\5.8.2\junit-jupiter-api-5.8.2.jar;D:\newMavenRepo\org\opentest4j\opentest4j\1.2.0\opentest4j-1.2.0.jar;D:\newMavenRepo\org\junit\platform\junit-platform-commons\1.8.2\junit-platform-commons-1.8.2.jar;D:\newMavenRepo\org\apiguardian\apiguardian-api\1.1.2\apiguardian-api-1.1.2.jar;D:\newMavenRepo\org\junit\jupiter\junit-jupiter-params\5.8.2\junit-jupiter-params-5.8.2.jar;D:\newMavenRepo\org\junit\jupiter\junit-jupiter-engine\5.8.2\junit-jupiter-engine-5.8.2.jar;D:\newMavenRepo\org\junit\platform\junit-platform-engine\1.8.2\junit-platform-engine-1.8.2.jar;D:\newMavenRepo\org\mockito\mockito-core\4.5.1\mockito-core-4.5.1.jar;D:\newMavenRepo\net\bytebuddy\byte-buddy\1.12.13\byte-buddy-1.12.13.jar;D:\newMavenRepo\net\bytebuddy\byte-buddy-agent\1.12.13\byte-buddy-agent-1.12.13.jar;D:\newMavenRepo\org\objenesis\objenesis\3.2\objenesis-3.2.jar;D:\newMavenRepo\org\mockito\mockito-junit-jupiter\4.5.1\mockito-junit-jupiter-4.5.1.jar;D:\newMavenRepo\org\skyscreamer\jsonassert\1.5.1\jsonassert-1.5.1.jar;D:\newMavenRepo\com\vaadin\external\google\android-json\0.0.20131108.vaadin1\android-json-0.0.20131108.vaadin1.jar;D:\newMavenRepo\org\springframework\spring-core\5.3.22\spring-core-5.3.22.jar;D:\newMavenRepo\org\springframework\spring-jcl\5.3.22\spring-jcl-5.3.22.jar;D:\newMavenRepo\org\springframework\spring-test\5.3.22\spring-test-5.3.22.jar;D:\newMavenRepo\org\xmlunit\xmlunit-core\2.9.0\xmlunit-core-2.9.0.jar;"/>
    <property name="sun.cpu.endian" value="little"/>
    <property name="user.home" value="C:\Users\gopalpr"/>
    <property name="user.language" value="en"/>
    <property name="java.specification.vendor" value="Oracle Corporation"/>
    <property name="java.version.date" value="2019-01-15"/>
    <property name="java.home" value="C:\Program Files\Java\JAVA11\openjdk-11.0.2_windows-x64_bin\jdk-11.0.2"/>
    <property name="file.separator" value="\"/>
    <property name="basedir" value="D:\AKS Scan"/>
    <property name="java.vm.compressedOopsMode" value="Zero based"/>
    <property name="line.separator" value="&#10;"/>
    <property name="java.specification.name" value="Java Platform API Specification"/>
    <property name="java.vm.specification.vendor" value="Oracle Corporation"/>
    <property name="java.awt.graphicsenv" value="sun.awt.Win32GraphicsEnvironment"/>
    <property name="surefire.real.class.path" value="C:\Users\gopalpr\AppData\Local\Temp\surefire15676414033978475150\surefirebooter15583651877252737675.jar"/>
    <property name="user.script" value=""/>
    <property name="sun.management.compiler" value="HotSpot 64-Bit Tiered Compilers"/>
    <property name="java.runtime.version" value="11.0.2+9"/>
    <property name="user.name" value="Gopalpr"/>
    <property name="path.separator" value=";"/>
    <property name="os.version" value="10.0"/>
    <property name="java.runtime.name" value="OpenJDK Runtime Environment"/>
    <property name="file.encoding" value="Cp1252"/>
    <property name="java.vm.name" value="OpenJDK 64-Bit Server VM"/>
    <property name="java.vendor.version" value="18.9"/>
    <property name="localRepository" value="D:\newMavenRepo"/>
    <property name="java.vendor.url.bug" value="http://bugreport.java.com/bugreport/"/>
    <property name="java.io.tmpdir" value="C:\Users\gopalpr\AppData\Local\Temp\"/>
    <property name="java.version" value="11.0.2"/>
    <property name="user.dir" value="D:\AKS Scan"/>
    <property name="os.arch" value="amd64"/>
    <property name="java.vm.specification.name" value="Java Virtual Machine Specification"/>
    <property name="java.awt.printerjob" value="sun.awt.windows.WPrinterJob"/>
    <property name="sun.os.patch.level" value=""/>
    <property name="java.library.path" value="C:\Program Files\Java\JAVA11\openjdk-11.0.2_windows-x64_bin\jdk-11.0.2\bin;C:\WINDOWS\Sun\Java\bin;C:\WINDOWS\system32;C:\WINDOWS;C:\Program Files (x86)\Microsoft SDKs\Azure\CLI2\wbin;C:\WINDOWS\system32;C:\WINDOWS;C:\WINDOWS\System32\Wbem;C:\WINDOWS\System32\WindowsPowerShell\v1.0\;C:\WINDOWS\System32\OpenSSH\;C:\Program Files\Docker\Docker\resources\bin;C:\ProgramData\DockerDesktop\version-bin;C:\Program Files\Java\JAVA11\openjdk-11.0.2_windows-x64_bin\jdk-11.0.2\bin;C:\Program Files\maven\apache-maven-3.6.3\bin;C:\Program Files (x86)\Microsoft SQL Server\150\DTS\Binn\;C:\Program Files\Azure Data Studio\bin;C:\Program Files\Microsoft SQL Server\150\Tools\Binn\;C:\Program Files\dotnet\;C:\Program Files\nodejs\;C:\Users\gopalpr\AppData\Local\Microsoft\WindowsApps;C:\Program Files\Azure Data Studio\bin;C:\Users\gopalpr\.dotnet\tools;C:\Users\gopalpr\AppData\Local\Programs\Microsoft VS Code\bin;C:\Users\gopalpr\AppData\Roaming\npm;."/>
    <property name="java.vendor" value="Oracle Corporation"/>
    <property name="java.vm.info" value="mixed mode"/>
    <property name="java.vm.version" value="11.0.2+9"/>
    <property name="sun.io.unicode.encoding" value="UnicodeLittle"/>
    <property name="java.class.version" value="55.0"/>
  </properties>
  <testcase name="contextLoads" classname="com.webapi.restapi.RestapiApplicationTests" time="0.385"/>
</testsuite>